I, [2018-01-30T21:32:42.376974 #35301]  INFO -- : [ActiveJob] Enqueued ProcessMessageJob (Job ID: 024008bb-b78a-4e21-9df1-4ac91a5f6281) to Sidekiq(default) with arguments: {:message=>{:user_id=>62787119, :type=>"Telegram::Bot::Types::Message", :data=>nil, :text=>"main", :contact=>{}}}
I, [2018-01-30T21:32:42.380276 #35301]  INFO -- : [ActiveJob] Enqueued ProcessMessageJob (Job ID: a984d2a6-c48a-4008-970d-53ac047cad0a) to Sidekiq(default) with arguments: {:message=>{:user_id=>62787119, :type=>"Telegram::Bot::Types::Message", :data=>nil, :text=>".main", :contact=>{}}}
I, [2018-01-30T21:32:42.383210 #35301]  INFO -- : [ActiveJob] Enqueued ProcessMessageJob (Job ID: 3093838d-b94b-45ce-bfe9-82c6ef7347b3) to Sidekiq(default) with arguments: {:message=>{:user_id=>62787119, :type=>"Telegram::Bot::Types::Message", :data=>nil, :text=>"main", :contact=>{}}}
I, [2018-01-30T21:34:32.907009 #35301]  INFO -- : [ActiveJob] Enqueued ProcessMessageJob (Job ID: 7423ed4a-ec67-49a6-91c9-6743b451aedc) to Sidekiq(default) with arguments: {:message=>{:user_id=>62787119, :type=>"Telegram::Bot::Types::CallbackQuery", :data=>"current_order", :text=>nil, :contact=>nil}}
I, [2018-01-30T21:34:33.440710 #35301]  INFO -- : [ActiveJob] Enqueued ProcessMessageJob (Job ID: 1e09fca3-1d1b-406d-af29-61308c13aa16) to Sidekiq(default) with arguments: {:message=>{:user_id=>62787119, :type=>"Telegram::Bot::Types::CallbackQuery", :data=>"current_order", :text=>nil, :contact=>nil}}
I, [2018-01-30T21:35:08.921495 #35301]  INFO -- : [ActiveJob] Enqueued ProcessMessageJob (Job ID: 0355bc9d-673e-47b6-a0fd-14675d429ef4) to Sidekiq(default) with arguments: {:message=>{:user_id=>62787119, :type=>"Telegram::Bot::Types::Message", :data=>nil, :text=>"acer", :contact=>{}}}
I, [2018-01-30T21:35:21.305295 #35301]  INFO -- : [ActiveJob] Enqueued ProcessMessageJob (Job ID: 22d477f5-66bb-403f-8432-150b45191481) to Sidekiq(default) with arguments: {:message=>{:user_id=>62787119, :type=>"Telegram::Bot::Types::CallbackQuery", :data=>"search", :text=>nil, :contact=>nil}}
I, [2018-01-30T21:35:23.325402 #35301]  INFO -- : [ActiveJob] Enqueued ProcessMessageJob (Job ID: 7e20697a-55a5-4cc7-b87e-1d31ff4ece8f) to Sidekiq(default) with arguments: {:message=>{:user_id=>62787119, :type=>"Telegram::Bot::Types::Message", :data=>nil, :text=>"acer", :contact=>{}}}
I, [2018-01-30T21:35:29.605405 #35301]  INFO -- : [ActiveJob] Enqueued ProcessMessageJob (Job ID: a6c453b1-ee7d-4827-8632-1d1a8f58226f) to Sidekiq(default) with arguments: {:message=>{:user_id=>62787119, :type=>"Telegram::Bot::Types::CallbackQuery", :data=>"products/1/add_to_order", :text=>nil, :contact=>nil}}
I, [2018-01-30T21:35:31.566739 #35301]  INFO -- : [ActiveJob] Enqueued ProcessMessageJob (Job ID: 96167e1c-5f56-4143-9163-fbf2f039f847) to Sidekiq(default) with arguments: {:message=>{:user_id=>62787119, :type=>"Telegram::Bot::Types::Message", :data=>nil, :text=>"3", :contact=>{}}}
I, [2018-01-30T21:35:33.414734 #35301]  INFO -- : [ActiveJob] Enqueued ProcessMessageJob (Job ID: 8f755918-3aa9-4007-a715-8556108670a5) to Sidekiq(default) with arguments: {:message=>{:user_id=>62787119, :type=>"Telegram::Bot::Types::CallbackQuery", :data=>"current_order", :text=>nil, :contact=>nil}}
I, [2018-01-30T21:40:42.064155 #35301]  INFO -- : [ActiveJob] Enqueued ProcessMessageJob (Job ID: b60445c9-3674-4e53-9255-c58d9e5ab739) to Sidekiq(default) with arguments: {:message=>{:user_id=>62787119, :type=>"Telegram::Bot::Types::CallbackQuery", :data=>"current_order", :text=>nil, :contact=>nil}}
I, [2018-01-30T21:41:02.803572 #35301]  INFO -- : [ActiveJob] Enqueued ProcessMessageJob (Job ID: 47f08cff-bb62-4af1-a98a-a7e23280c2ee) to Sidekiq(default) with arguments: {:message=>{:user_id=>62787119, :type=>"Telegram::Bot::Types::CallbackQuery", :data=>"current_order", :text=>nil, :contact=>nil}}
I, [2018-01-30T21:41:15.815142 #35301]  INFO -- : [ActiveJob] Enqueued ProcessMessageJob (Job ID: df7ff5ae-73c9-4de5-8010-bebf070af609) to Sidekiq(default) with arguments: {:message=>{:user_id=>62787119, :type=>"Telegram::Bot::Types::CallbackQuery", :data=>"save_current_order", :text=>nil, :contact=>nil}}
I, [2018-01-30T21:41:45.105408 #35301]  INFO -- : [ActiveJob] Enqueued ProcessMessageJob (Job ID: cea57184-8e73-41b4-af19-e7cd05c81320) to Sidekiq(default) with arguments: {:message=>{:user_id=>62787119, :type=>"Telegram::Bot::Types::CallbackQuery", :data=>"save_current_order", :text=>nil, :contact=>nil}}
I, [2018-01-30T21:42:15.565123 #35301]  INFO -- : [ActiveJob] Enqueued ProcessMessageJob (Job ID: 9e6cee6f-f834-4d4d-8d41-8922afa936f8) to Sidekiq(default) with arguments: {:message=>{:user_id=>62787119, :type=>"Telegram::Bot::Types::CallbackQuery", :data=>"save_current_order", :text=>nil, :contact=>nil}}
I, [2018-01-30T21:43:05.048349 #35301]  INFO -- : [ActiveJob] Enqueued ProcessMessageJob (Job ID: cd39f387-22d7-4d66-b34d-9eb099d6454f) to Sidekiq(default) with arguments: {:message=>{:user_id=>62787119, :type=>"Telegram::Bot::Types::CallbackQuery", :data=>"save_current_order", :text=>nil, :contact=>nil}}
I, [2018-01-30T21:43:46.394873 #35301]  INFO -- : [ActiveJob] Enqueued ProcessMessageJob (Job ID: 46625401-4c5c-4528-94ac-c096421fa2aa) to Sidekiq(default) with arguments: {:message=>{:user_id=>62787119, :type=>"Telegram::Bot::Types::CallbackQuery", :data=>"save_current_order", :text=>nil, :contact=>nil}}
I, [2018-01-30T21:43:46.794121 #35301]  INFO -- : [ActiveJob] Enqueued ProcessMessageJob (Job ID: fcc47367-6d97-48e3-b7b0-c4ff0fc769b7) to Sidekiq(default) with arguments: {:message=>{:user_id=>62787119, :type=>"Telegram::Bot::Types::CallbackQuery", :data=>"save_current_order", :text=>nil, :contact=>nil}}
I, [2018-01-30T21:45:01.165939 #35301]  INFO -- : [ActiveJob] Enqueued ProcessMessageJob (Job ID: 02f07fee-cf52-405c-986e-983adafa3684) to Sidekiq(default) with arguments: {:message=>{:user_id=>62787119, :type=>"Telegram::Bot::Types::CallbackQuery", :data=>"save_current_order", :text=>nil, :contact=>nil}}
I, [2018-01-30T21:45:32.902537 #35301]  INFO -- : [ActiveJob] Enqueued ProcessMessageJob (Job ID: f536881b-ea19-4b82-a23a-565e469664da) to Sidekiq(default) with arguments: {:message=>{:user_id=>62787119, :type=>"Telegram::Bot::Types::CallbackQuery", :data=>"save_current_order", :text=>nil, :contact=>nil}}
I, [2018-01-30T21:51:15.398855 #35301]  INFO -- : [ActiveJob] Enqueued ProcessMessageJob (Job ID: 0a7b10d0-d25a-4d57-8884-0fa78918189d) to Sidekiq(default) with arguments: {:message=>{:user_id=>62787119, :type=>"Telegram::Bot::Types::CallbackQuery", :data=>"save_current_order", :text=>nil, :contact=>nil}}
I, [2018-01-30T21:51:56.909879 #35301]  INFO -- : [ActiveJob] Enqueued ProcessMessageJob (Job ID: 85bc0a84-caae-4cf4-8d90-68cc74a75891) to Sidekiq(default) with arguments: {:message=>{:user_id=>62787119, :type=>"Telegram::Bot::Types::CallbackQuery", :data=>"save_current_order", :text=>nil, :contact=>nil}}
I, [2018-01-30T21:52:42.335485 #35301]  INFO -- : [ActiveJob] Enqueued ProcessMessageJob (Job ID: 4a8537e8-975a-4b80-9387-4f3bdb451fa8) to Sidekiq(default) with arguments: {:message=>{:user_id=>62787119, :type=>"Telegram::Bot::Types::CallbackQuery", :data=>"save_current_order", :text=>nil, :contact=>nil}}
I, [2018-01-30T21:53:40.037700 #35301]  INFO -- : [ActiveJob] Enqueued ProcessMessageJob (Job ID: 3f6b9299-49f8-44d3-ae5d-2bf27ece9d0b) to Sidekiq(default) with arguments: {:message=>{:user_id=>62787119, :type=>"Telegram::Bot::Types::CallbackQuery", :data=>"current_order", :text=>nil, :contact=>nil}}
I, [2018-01-30T21:53:45.346785 #35301]  INFO -- : [ActiveJob] Enqueued ProcessMessageJob (Job ID: d85b3808-76b8-414c-aa27-a77e46553c75) to Sidekiq(default) with arguments: {:message=>{:user_id=>62787119, :type=>"Telegram::Bot::Types::CallbackQuery", :data=>"save_current_order", :text=>nil, :contact=>nil}}
I, [2018-01-30T22:16:56.391942 #35301]  INFO -- : [ActiveJob] Enqueued ProcessMessageJob (Job ID: 1cb8a000-d8ff-4406-bd99-07d0cd5eb975) to Sidekiq(default) with arguments: {:message=>{:user_id=>62787119, :type=>"Telegram::Bot::Types::CallbackQuery", :data=>"search", :text=>nil, :contact=>nil}}
I, [2018-01-30T22:17:02.783086 #35301]  INFO -- : [ActiveJob] Enqueued ProcessMessageJob (Job ID: 68d84ac1-8ec2-476d-a0b0-e0509583572d) to Sidekiq(default) with arguments: {:message=>{:user_id=>62787119, :type=>"Telegram::Bot::Types::Message", :data=>nil, :text=>"ноутбук", :contact=>{}}}
I, [2018-01-30T22:18:05.917613 #35301]  INFO -- : [ActiveJob] Enqueued ProcessMessageJob (Job ID: d0c313d5-3dd8-4d8a-a595-dd2b005c3d7f) to Sidekiq(default) with arguments: {:message=>{:user_id=>62787119, :type=>"Telegram::Bot::Types::Message", :data=>nil, :text=>"ноутбук", :contact=>{}}}
I, [2018-01-30T22:18:34.496585 #35301]  INFO -- : [ActiveJob] Enqueued ProcessMessageJob (Job ID: 524eac69-715f-46de-8bf0-759ee731bdc3) to Sidekiq(default) with arguments: {:message=>{:user_id=>62787119, :type=>"Telegram::Bot::Types::Message", :data=>nil, :text=>"ноутбук", :contact=>{}}}
I, [2018-01-30T22:19:15.937075 #35301]  INFO -- : [ActiveJob] Enqueued ProcessMessageJob (Job ID: 6c11d641-2226-4b60-b884-0f2dc8930db3) to Sidekiq(default) with arguments: {:message=>{:user_id=>62787119, :type=>"Telegram::Bot::Types::Message", :data=>nil, :text=>"ноутбук", :contact=>{}}}
I, [2018-01-30T22:19:47.152247 #35301]  INFO -- : [ActiveJob] Enqueued ProcessMessageJob (Job ID: 72f555f1-6a4e-4be9-a0ea-464dd3a22450) to Sidekiq(default) with arguments: {:message=>{:user_id=>62787119, :type=>"Telegram::Bot::Types::Message", :data=>nil, :text=>"ноутбук", :contact=>{}}}
I, [2018-01-30T22:20:20.585064 #35301]  INFO -- : [ActiveJob] Enqueued ProcessMessageJob (Job ID: 936fb27e-223c-4ad3-a939-842b401d9ab7) to Sidekiq(default) with arguments: {:message=>{:user_id=>62787119, :type=>"Telegram::Bot::Types::CallbackQuery", :data=>"products_next", :text=>nil, :contact=>nil}}
I, [2018-01-30T22:21:16.976704 #35301]  INFO -- : [ActiveJob] Enqueued ProcessMessageJob (Job ID: d38083a5-ccda-41e1-8511-5c7319963b32) to Sidekiq(default) with arguments: {:message=>{:user_id=>62787119, :type=>"Telegram::Bot::Types::CallbackQuery", :data=>"products_next", :text=>nil, :contact=>nil}}
I, [2018-01-30T22:21:30.405421 #35301]  INFO -- : [ActiveJob] Enqueued ProcessMessageJob (Job ID: f0d1b520-fce2-4bbf-8faf-80a5cabdaa78) to Sidekiq(default) with arguments: {:message=>{:user_id=>62787119, :type=>"Telegram::Bot::Types::CallbackQuery", :data=>"products_next", :text=>nil, :contact=>nil}}
I, [2018-01-30T22:22:36.665136 #35301]  INFO -- : [ActiveJob] Enqueued ProcessMessageJob (Job ID: 43727cec-5d4a-4bee-82ac-c16c90e8d50a) to Sidekiq(default) with arguments: {:message=>{:user_id=>62787119, :type=>"Telegram::Bot::Types::CallbackQuery", :data=>"products_next", :text=>nil, :contact=>nil}}
I, [2018-01-30T22:23:01.549862 #35301]  INFO -- : [ActiveJob] Enqueued ProcessMessageJob (Job ID: 9e6454d2-e20e-4b3f-b1b4-141ddb14f74c) to Sidekiq(default) with arguments: {:message=>{:user_id=>62787119, :type=>"Telegram::Bot::Types::CallbackQuery", :data=>"products_next", :text=>nil, :contact=>nil}}
I, [2018-01-30T22:23:45.418069 #35301]  INFO -- : [ActiveJob] Enqueued ProcessMessageJob (Job ID: 53786df5-1ac4-4f93-b0d4-fac4db5e1fb1) to Sidekiq(default) with arguments: {:message=>{:user_id=>62787119, :type=>"Telegram::Bot::Types::Message", :data=>nil, :text=>"/main", :contact=>{}}}
I, [2018-01-30T22:24:02.544375 #35301]  INFO -- : [ActiveJob] Enqueued ProcessMessageJob (Job ID: 2e4649c3-b5bd-4182-ace2-8fb079fb044b) to Sidekiq(default) with arguments: {:message=>{:user_id=>62787119, :type=>"Telegram::Bot::Types::Message", :data=>nil, :text=>"/main", :contact=>{}}}
I, [2018-01-30T22:24:26.840602 #35301]  INFO -- : [ActiveJob] Enqueued ProcessMessageJob (Job ID: 402d9bfc-138c-4a41-8b1e-8e6f148e9103) to Sidekiq(default) with arguments: {:message=>{:user_id=>62787119, :type=>"Telegram::Bot::Types::CallbackQuery", :data=>"search", :text=>nil, :contact=>nil}}
I, [2018-01-30T22:24:29.790686 #35301]  INFO -- : [ActiveJob] Enqueued ProcessMessageJob (Job ID: d1c4f005-070b-47fb-aed8-23a1642b0a56) to Sidekiq(default) with arguments: {:message=>{:user_id=>62787119, :type=>"Telegram::Bot::Types::Message", :data=>nil, :text=>"ноутбук", :contact=>{}}}
I, [2018-01-30T22:25:22.210855 #35301]  INFO -- : [ActiveJob] Enqueued ProcessMessageJob (Job ID: dd6b62cd-b96b-487d-81c5-0760ac3b6c21) to Sidekiq(default) with arguments: {:message=>{:user_id=>62787119, :type=>"Telegram::Bot::Types::CallbackQuery", :data=>"products_next", :text=>nil, :contact=>nil}}
I, [2018-01-30T22:25:37.330537 #35301]  INFO -- : [ActiveJob] Enqueued ProcessMessageJob (Job ID: b7c93bc4-8da7-45aa-9d46-afa8877fdc64) to Sidekiq(default) with arguments: {:message=>{:user_id=>62787119, :type=>"Telegram::Bot::Types::CallbackQuery", :data=>"products_next", :text=>nil, :contact=>nil}}
I, [2018-01-30T22:26:26.543027 #35301]  INFO -- : [ActiveJob] Enqueued ProcessMessageJob (Job ID: c84c8b01-d5a4-4f11-a4bb-65c2deeb031e) to Sidekiq(default) with arguments: {:message=>{:user_id=>62787119, :type=>"Telegram::Bot::Types::CallbackQuery", :data=>"products_next", :text=>nil, :contact=>nil}}
I, [2018-01-30T22:26:47.207716 #35301]  INFO -- : [ActiveJob] Enqueued ProcessMessageJob (Job ID: 0c211634-ada4-48fa-bdd1-085fee76e60f) to Sidekiq(default) with arguments: {:message=>{:user_id=>62787119, :type=>"Telegram::Bot::Types::Message", :data=>nil, :text=>"/main", :contact=>{}}}
I, [2018-01-30T22:27:02.447703 #35301]  INFO -- : [ActiveJob] Enqueued ProcessMessageJob (Job ID: e8e2bd06-1c51-4002-9276-06ba6495cc1b) to Sidekiq(default) with arguments: {:message=>{:user_id=>62787119, :type=>"Telegram::Bot::Types::Message", :data=>nil, :text=>"Выбирете дальнейшее действие", :contact=>{}}}
I, [2018-01-30T22:27:12.939563 #35301]  INFO -- : [ActiveJob] Enqueued ProcessMessageJob (Job ID: 971a9210-19cc-4e45-89ed-fddacfa4547f) to Sidekiq(default) with arguments: {:message=>{:user_id=>62787119, :type=>"Telegram::Bot::Types::CallbackQuery", :data=>"search", :text=>nil, :contact=>nil}}
I, [2018-01-30T22:27:17.030100 #35301]  INFO -- : [ActiveJob] Enqueued ProcessMessageJob (Job ID: 45c3731c-ff46-4ac4-8777-b40e887fc37b) to Sidekiq(default) with arguments: {:message=>{:user_id=>62787119, :type=>"Telegram::Bot::Types::Message", :data=>nil, :text=>"ащщ", :contact=>{}}}
I, [2018-01-30T22:27:23.905159 #35301]  INFO -- : [ActiveJob] Enqueued ProcessMessageJob (Job ID: d6dcb224-a333-4bd1-8bdd-ed40934b3555) to Sidekiq(default) with arguments: {:message=>{:user_id=>62787119, :type=>"Telegram::Bot::Types::Message", :data=>nil, :text=>"apple", :contact=>{}}}
I, [2018-01-30T22:27:46.466633 #35301]  INFO -- : [ActiveJob] Enqueued ProcessMessageJob (Job ID: 155d5103-5441-4134-b1f6-0431236a5697) to Sidekiq(default) with arguments: {:message=>{:user_id=>62787119, :type=>"Telegram::Bot::Types::CallbackQuery", :data=>"products_next", :text=>nil, :contact=>nil}}
I, [2018-01-30T22:31:08.773660 #37696]  INFO -- : [ActiveJob] Enqueued ProcessMessageJob (Job ID: 28b156de-2b73-48c4-914f-efe6a7cec0df) to Sidekiq(default) with arguments: {:message=>{:user_id=>62787119, :type=>"Telegram::Bot::Types::Message", :data=>nil, :text=>"/main", :contact=>{}}}
I, [2018-01-30T22:31:09.805577 #37696]  INFO -- : [ActiveJob] Enqueued ProcessMessageJob (Job ID: 1857ea1d-2fd5-4bd6-9676-33ffe61ffe8c) to Sidekiq(default) with arguments: {:message=>{:user_id=>62787119, :type=>"Telegram::Bot::Types::Message", :data=>nil, :text=>"/main", :contact=>{}}}
I, [2018-01-30T22:31:12.921190 #37696]  INFO -- : [ActiveJob] Enqueued ProcessMessageJob (Job ID: 3954600c-6f85-4c2d-bef3-3a48b7d143bc) to Sidekiq(default) with arguments: {:message=>{:user_id=>62787119, :type=>"Telegram::Bot::Types::CallbackQuery", :data=>"search", :text=>nil, :contact=>nil}}
I, [2018-01-30T22:31:16.339914 #37696]  INFO -- : [ActiveJob] Enqueued ProcessMessageJob (Job ID: 7af43b1e-fd7d-42dd-bb79-5d9e470b7b12) to Sidekiq(default) with arguments: {:message=>{:user_id=>62787119, :type=>"Telegram::Bot::Types::Message", :data=>nil, :text=>"apple", :contact=>{}}}
I, [2018-01-30T22:31:21.208201 #37696]  INFO -- : [ActiveJob] Enqueued ProcessMessageJob (Job ID: 4cd21057-9dd1-494e-b968-7051572d8f3a) to Sidekiq(default) with arguments: {:message=>{:user_id=>62787119, :type=>"Telegram::Bot::Types::CallbackQuery", :data=>"products_next", :text=>nil, :contact=>nil}}
I, [2018-01-30T22:32:00.285387 #37696]  INFO -- : [ActiveJob] Enqueued ProcessMessageJob (Job ID: 6d042a72-23c6-4897-b914-6878efdd12f5) to Sidekiq(default) with arguments: {:message=>{:user_id=>62787119, :type=>"Telegram::Bot::Types::Message", :data=>nil, :text=>"ноутбуки", :contact=>{}}}
I, [2018-01-30T22:32:02.860416 #37696]  INFO -- : [ActiveJob] Enqueued ProcessMessageJob (Job ID: 7e095757-b359-423d-b72b-f2722eeb846a) to Sidekiq(default) with arguments: {:message=>{:user_id=>62787119, :type=>"Telegram::Bot::Types::CallbackQuery", :data=>"search", :text=>nil, :contact=>nil}}
I, [2018-01-30T22:32:04.990402 #37696]  INFO -- : [ActiveJob] Enqueued ProcessMessageJob (Job ID: 88c11110-73fc-4bb4-b85c-89d7a44e97a2) to Sidekiq(default) with arguments: {:message=>{:user_id=>62787119, :type=>"Telegram::Bot::Types::Message", :data=>nil, :text=>"ноут", :contact=>{}}}
I, [2018-01-30T22:32:08.899382 #37696]  INFO -- : [ActiveJob] Enqueued ProcessMessageJob (Job ID: 4fb726d9-d10c-4989-a245-28e148b52ef8) to Sidekiq(default) with arguments: {:message=>{:user_id=>62787119, :type=>"Telegram::Bot::Types::Message", :data=>nil, :text=>"ноутбуки", :contact=>{}}}
I, [2018-01-30T22:32:14.615458 #37696]  INFO -- : [ActiveJob] Enqueued ProcessMessageJob (Job ID: 77752ce7-2271-4774-94a0-b731d83126d1) to Sidekiq(default) with arguments: {:message=>{:user_id=>62787119, :type=>"Telegram::Bot::Types::CallbackQuery", :data=>"products_next", :text=>nil, :contact=>nil}}
I, [2018-01-30T22:32:17.523371 #37696]  INFO -- : [ActiveJob] Enqueued ProcessMessageJob (Job ID: 323b716d-c825-474c-b828-7d139841d7be) to Sidekiq(default) with arguments: {:message=>{:user_id=>62787119, :type=>"Telegram::Bot::Types::CallbackQuery", :data=>"products_next", :text=>nil, :contact=>nil}}
I, [2018-01-30T22:40:51.879511 #38231]  INFO -- : [ActiveJob] Enqueued ProcessMessageJob (Job ID: 53f26f9b-ba65-4e2f-9a44-dad747af7e3b) to Sidekiq(default) with arguments: {:message=>{:user_id=>62787119, :type=>"Telegram::Bot::Types::CallbackQuery", :data=>"products/15", :text=>nil, :contact=>nil}}
I, [2018-01-31T17:00:30.396319 #6719]  INFO -- : [ActiveJob] Enqueued ProcessMessageJob (Job ID: f4b539a0-ea71-406b-8d42-fea435193926) to Sidekiq(default) with arguments: {:message=>{:user_id=>62787119, :type=>"Telegram::Bot::Types::Message", :data=>nil, :text=>"main", :contact=>{}}}
I, [2018-01-31T17:00:30.402608 #6719]  INFO -- : [ActiveJob] Enqueued ProcessMessageJob (Job ID: c7aaafa7-183f-488d-9ee1-19dce95678ca) to Sidekiq(default) with arguments: {:message=>{:user_id=>62787119, :type=>"Telegram::Bot::Types::Message", :data=>nil, :text=>"/main", :contact=>{}}}
I, [2018-01-31T17:00:30.407607 #6719]  INFO -- : [ActiveJob] Enqueued ProcessMessageJob (Job ID: 7abf0065-b6b9-40c6-827e-aed1d1ad9c3b) to Sidekiq(default) with arguments: {:message=>{:user_id=>62787119, :type=>"Telegram::Bot::Types::Message", :data=>nil, :text=>"main", :contact=>{}}}
I, [2018-01-31T17:00:30.410551 #6719]  INFO -- : [ActiveJob] Enqueued ProcessMessageJob (Job ID: 6f61fd65-654b-44c2-ae02-4bc15585a40c) to Sidekiq(default) with arguments: {:message=>{:user_id=>62787119, :type=>"Telegram::Bot::Types::Message", :data=>nil, :text=>"foo", :contact=>{}}}
I, [2018-01-31T17:00:30.413554 #6719]  INFO -- : [ActiveJob] Enqueued ProcessMessageJob (Job ID: 781c0a48-3c60-4380-98a3-f94c15ef59f7) to Sidekiq(default) with arguments: {:message=>{:user_id=>62787119, :type=>"Telegram::Bot::Types::Message", :data=>nil, :text=>"foo", :contact=>{}}}
I, [2018-01-31T17:00:31.482519 #6719]  INFO -- : [ActiveJob] Enqueued ProcessMessageJob (Job ID: 8fb1425d-086c-404e-a4c7-194daaa1ed7d) to Sidekiq(default) with arguments: {:message=>{:user_id=>62787119, :type=>"Telegram::Bot::Types::Message", :data=>nil, :text=>"foo", :contact=>{}}}
I, [2018-01-31T17:12:49.429623 #6719]  INFO -- : [ActiveJob] Enqueued ProcessMessageJob (Job ID: 6fec9215-d68d-4c12-9f4e-7463c121acf0) to Sidekiq(default) with arguments: {:message=>{:user_id=>62787119, :type=>"Telegram::Bot::Types::CallbackQuery", :data=>"orders", :text=>nil, :contact=>nil}}
I, [2018-01-31T17:13:01.417680 #6719]  INFO -- : [ActiveJob] Enqueued ProcessMessageJob (Job ID: 6a495573-b9d8-40e7-a2bd-8222c6a2e497) to Sidekiq(default) with arguments: {:message=>{:user_id=>62787119, :type=>"Telegram::Bot::Types::CallbackQuery", :data=>"orders", :text=>nil, :contact=>nil}}
I, [2018-01-31T17:13:23.260486 #6719]  INFO -- : [ActiveJob] Enqueued ProcessMessageJob (Job ID: 4ea7d8af-a41a-476a-bd28-056ca0930019) to Sidekiq(default) with arguments: {:message=>{:user_id=>62787119, :type=>"Telegram::Bot::Types::CallbackQuery", :data=>"orders", :text=>nil, :contact=>nil}}
I, [2018-01-31T17:13:41.187321 #6719]  INFO -- : [ActiveJob] Enqueued ProcessMessageJob (Job ID: 89ef4698-c631-4c7f-a599-589b6cb5ca0e) to Sidekiq(default) with arguments: {:message=>{:user_id=>62787119, :type=>"Telegram::Bot::Types::CallbackQuery", :data=>"orders", :text=>nil, :contact=>nil}}
I, [2018-01-31T17:14:11.119333 #6719]  INFO -- : [ActiveJob] Enqueued ProcessMessageJob (Job ID: 0719297e-72d1-4d63-bce5-8fd53d6928eb) to Sidekiq(default) with arguments: {:message=>{:user_id=>62787119, :type=>"Telegram::Bot::Types::CallbackQuery", :data=>"orders", :text=>nil, :contact=>nil}}
I, [2018-01-31T17:14:27.007054 #6719]  INFO -- : [ActiveJob] Enqueued ProcessMessageJob (Job ID: 8b39ec31-95f2-402c-af92-16fbd794be39) to Sidekiq(default) with arguments: {:message=>{:user_id=>62787119, :type=>"Telegram::Bot::Types::CallbackQuery", :data=>"orders", :text=>nil, :contact=>nil}}
I, [2018-01-31T17:14:43.238239 #6719]  INFO -- : [ActiveJob] Enqueued ProcessMessageJob (Job ID: 21038fdc-cb58-415d-94fc-3cebc69e4108) to Sidekiq(default) with arguments: {:message=>{:user_id=>62787119, :type=>"Telegram::Bot::Types::CallbackQuery", :data=>"orders", :text=>nil, :contact=>nil}}
I, [2018-01-31T17:14:59.512312 #6719]  INFO -- : [ActiveJob] Enqueued ProcessMessageJob (Job ID: 9736cef0-b9ac-427b-b81f-b9c95a529115) to Sidekiq(default) with arguments: {:message=>{:user_id=>62787119, :type=>"Telegram::Bot::Types::CallbackQuery", :data=>"orders", :text=>nil, :contact=>nil}}
I, [2018-01-31T17:15:22.904562 #6719]  INFO -- : [ActiveJob] Enqueued ProcessMessageJob (Job ID: 8f6e2324-fd55-4b87-ba6f-1441b21232ef) to Sidekiq(default) with arguments: {:message=>{:user_id=>62787119, :type=>"Telegram::Bot::Types::CallbackQuery", :data=>"orders", :text=>nil, :contact=>nil}}
I, [2018-01-31T17:16:49.126251 #6719]  INFO -- : [ActiveJob] Enqueued ProcessMessageJob (Job ID: cbb09902-16c1-40df-a561-51129edcbc14) to Sidekiq(default) with arguments: {:message=>{:user_id=>62787119, :type=>"Telegram::Bot::Types::CallbackQuery", :data=>"orders", :text=>nil, :contact=>nil}}
I, [2018-01-31T17:16:58.417779 #6719]  INFO -- : [ActiveJob] Enqueued ProcessMessageJob (Job ID: 43a1b2fb-5675-4797-9134-646f0f556279) to Sidekiq(default) with arguments: {:message=>{:user_id=>62787119, :type=>"Telegram::Bot::Types::CallbackQuery", :data=>"orders", :text=>nil, :contact=>nil}}
I, [2018-01-31T17:17:19.834965 #6719]  INFO -- : [ActiveJob] Enqueued ProcessMessageJob (Job ID: 9a90b694-6e1f-4a3e-af5f-18d0dd289f46) to Sidekiq(default) with arguments: {:message=>{:user_id=>62787119, :type=>"Telegram::Bot::Types::CallbackQuery", :data=>"orders", :text=>nil, :contact=>nil}}
I, [2018-01-31T17:17:56.873185 #6719]  INFO -- : [ActiveJob] Enqueued ProcessMessageJob (Job ID: e6b149e0-b9f8-41d3-bff3-d9a93c36b7e3) to Sidekiq(default) with arguments: {:message=>{:user_id=>62787119, :type=>"Telegram::Bot::Types::CallbackQuery", :data=>"orders", :text=>nil, :contact=>nil}}
I, [2018-01-31T17:19:53.326708 #6719]  INFO -- : [ActiveJob] Enqueued ProcessMessageJob (Job ID: 45d0387c-128f-4903-bb3f-8d8409b8c2b4) to Sidekiq(default) with arguments: {:message=>{:user_id=>62787119, :type=>"Telegram::Bot::Types::CallbackQuery", :data=>"orders", :text=>nil, :contact=>nil}}
I, [2018-01-31T17:20:46.639672 #6719]  INFO -- : [ActiveJob] Enqueued ProcessMessageJob (Job ID: 98f473e3-69f3-463d-b8a0-14a3fc4f2fb0) to Sidekiq(default) with arguments: {:message=>{:user_id=>62787119, :type=>"Telegram::Bot::Types::CallbackQuery", :data=>"orders", :text=>nil, :contact=>nil}}
I, [2018-01-31T17:21:01.137182 #6719]  INFO -- : [ActiveJob] Enqueued ProcessMessageJob (Job ID: 5e1b030d-4586-43ad-8791-bb1a37b4d468) to Sidekiq(default) with arguments: {:message=>{:user_id=>62787119, :type=>"Telegram::Bot::Types::Message", :data=>nil, :text=>"/main", :contact=>{}}}
I, [2018-01-31T17:21:02.840648 #6719]  INFO -- : [ActiveJob] Enqueued ProcessMessageJob (Job ID: cfb0a702-975a-409f-9ae2-9082e22a7239) to Sidekiq(default) with arguments: {:message=>{:user_id=>62787119, :type=>"Telegram::Bot::Types::CallbackQuery", :data=>"orders", :text=>nil, :contact=>nil}}
I, [2018-01-31T17:28:19.392369 #6719]  INFO -- : [ActiveJob] Enqueued ProcessMessageJob (Job ID: 2a354e06-3610-4a5f-ba6c-96c0f4678615) to Sidekiq(default) with arguments: {:message=>{:user_id=>62787119, :type=>"Telegram::Bot::Types::CallbackQuery", :data=>"orders/5/remove", :text=>nil, :contact=>nil}}
I, [2018-01-31T17:28:31.919292 #6719]  INFO -- : [ActiveJob] Enqueued ProcessMessageJob (Job ID: 597231a6-c5b2-45a4-9c7e-1448cea211f8) to Sidekiq(default) with arguments: {:message=>{:user_id=>62787119, :type=>"Telegram::Bot::Types::CallbackQuery", :data=>"orders/5/remove", :text=>nil, :contact=>nil}}
I, [2018-01-31T17:29:18.761207 #6719]  INFO -- : [ActiveJob] Enqueued ProcessMessageJob (Job ID: c8f33ba8-685d-4c68-9225-fc575f1ce2fb) to Sidekiq(default) with arguments: {:message=>{:user_id=>62787119, :type=>"Telegram::Bot::Types::CallbackQuery", :data=>"orders/3/remove", :text=>nil, :contact=>nil}}
I, [2018-01-31T17:29:29.981082 #6719]  INFO -- : [ActiveJob] Enqueued ProcessMessageJob (Job ID: ac5cf78e-7036-4cef-8260-13975c0a2869) to Sidekiq(default) with arguments: {:message=>{:user_id=>62787119, :type=>"Telegram::Bot::Types::CallbackQuery", :data=>"orders", :text=>nil, :contact=>nil}}
I, [2018-01-31T17:29:48.516303 #6719]  INFO -- : [ActiveJob] Enqueued ProcessMessageJob (Job ID: 5f97f488-9b84-4b96-a15e-ab9ddfae1f7b) to Sidekiq(default) with arguments: {:message=>{:user_id=>62787119, :type=>"Telegram::Bot::Types::CallbackQuery", :data=>"orders/2/remove", :text=>nil, :contact=>nil}}
I, [2018-01-31T17:30:03.465801 #6719]  INFO -- : [ActiveJob] Enqueued ProcessMessageJob (Job ID: eef2b686-eb8f-4de1-b20e-23f589efb6e5) to Sidekiq(default) with arguments: {:message=>{:user_id=>62787119, :type=>"Telegram::Bot::Types::CallbackQuery", :data=>"orders/4/remove", :text=>nil, :contact=>nil}}
I, [2018-01-31T17:30:10.773844 #6719]  INFO -- : [ActiveJob] Enqueued ProcessMessageJob (Job ID: f4204fb1-3373-4aaf-8c87-80e72a4d3825) to Sidekiq(default) with arguments: {:message=>{:user_id=>62787119, :type=>"Telegram::Bot::Types::CallbackQuery", :data=>"orders", :text=>nil, :contact=>nil}}
I, [2018-02-03T22:37:00.230985 #5522]  INFO -- : [ActiveJob] Enqueued ProcessMessageJob (Job ID: 0a953f67-3bbf-42e4-8bce-8d7d254ca2ca) to Sidekiq(default) with arguments: {:message=>{:user_id=>62787119, :type=>"Telegram::Bot::Types::Message", :data=>nil, :text=>"/main", :contact=>{}}}
I, [2018-02-03T22:37:03.960252 #5522]  INFO -- : [ActiveJob] Enqueued ProcessMessageJob (Job ID: e4719060-952c-4e78-b95b-2cbcd939a9eb) to Sidekiq(default) with arguments: {:message=>{:user_id=>62787119, :type=>"Telegram::Bot::Types::CallbackQuery", :data=>"orders", :text=>nil, :contact=>nil}}
I, [2018-02-03T22:44:07.408906 #5522]  INFO -- : [ActiveJob] Enqueued ProcessMessageJob (Job ID: 96599215-5a74-439e-be1a-c8b087019783) to Sidekiq(default) with arguments: {:message=>{:user_id=>62787119, :type=>"Telegram::Bot::Types::CallbackQuery", :data=>"categories", :text=>nil, :contact=>nil}}
I, [2018-02-03T22:44:10.224772 #5522]  INFO -- : [ActiveJob] Enqueued ProcessMessageJob (Job ID: 344af101-41e2-4c39-9019-e79f67a68ac7) to Sidekiq(default) with arguments: {:message=>{:user_id=>62787119, :type=>"Telegram::Bot::Types::CallbackQuery", :data=>"categories/1", :text=>nil, :contact=>nil}}
I, [2018-02-03T22:44:22.342860 #5522]  INFO -- : [ActiveJob] Enqueued ProcessMessageJob (Job ID: 7e1bb9e5-1164-4599-b6ef-0b8fecd05e60) to Sidekiq(default) with arguments: {:message=>{:user_id=>62787119, :type=>"Telegram::Bot::Types::CallbackQuery", :data=>"products/1/add_to_order", :text=>nil, :contact=>nil}}
I, [2018-02-03T22:44:24.240908 #5522]  INFO -- : [ActiveJob] Enqueued ProcessMessageJob (Job ID: 0dd6eb1e-7a2c-4292-941d-9c22966547d6) to Sidekiq(default) with arguments: {:message=>{:user_id=>62787119, :type=>"Telegram::Bot::Types::Message", :data=>nil, :text=>"4", :contact=>{}}}
I, [2018-02-03T22:44:26.965867 #5522]  INFO -- : [ActiveJob] Enqueued ProcessMessageJob (Job ID: 76779736-b069-4d64-b1b4-3a55304ecaac) to Sidekiq(default) with arguments: {:message=>{:user_id=>62787119, :type=>"Telegram::Bot::Types::CallbackQuery", :data=>"current_order", :text=>nil, :contact=>nil}}
I, [2018-02-03T22:44:52.924766 #5522]  INFO -- : [ActiveJob] Enqueued ProcessMessageJob (Job ID: d102557c-18ef-4b06-86ac-0fc54b0635d9) to Sidekiq(default) with arguments: {:message=>{:user_id=>62787119, :type=>"Telegram::Bot::Types::CallbackQuery", :data=>"current_order", :text=>nil, :contact=>nil}}
I, [2018-02-03T22:45:37.872645 #5522]  INFO -- : [ActiveJob] Enqueued ProcessMessageJob (Job ID: 30fba639-9b3b-42b2-94cd-3b2afd2f70ba) to Sidekiq(default) with arguments: {:message=>{:user_id=>62787119, :type=>"Telegram::Bot::Types::CallbackQuery", :data=>"current_order", :text=>nil, :contact=>nil}}
I, [2018-02-03T22:47:05.435672 #5522]  INFO -- : [ActiveJob] Enqueued ProcessMessageJob (Job ID: 007d7d02-9c8d-4edb-b67a-e08a2c1b5686) to Sidekiq(default) with arguments: {:message=>{:user_id=>62787119, :type=>"Telegram::Bot::Types::CallbackQuery", :data=>"save_current_order", :text=>nil, :contact=>nil}}
I, [2018-02-03T22:48:29.090991 #5522]  INFO -- : [ActiveJob] Enqueued ProcessMessageJob (Job ID: d74e2527-deb7-4757-bfbc-009dad4d1e2a) to Sidekiq(default) with arguments: {:message=>{:user_id=>62787119, :type=>"Telegram::Bot::Types::CallbackQuery", :data=>"save_current_order", :text=>nil, :contact=>nil}}
I, [2018-02-03T22:48:37.653825 #5522]  INFO -- : [ActiveJob] Enqueued ProcessMessageJob (Job ID: bf3987e5-7687-4176-aba8-a9c1b4b25564) to Sidekiq(default) with arguments: {:message=>{:user_id=>62787119, :type=>"Telegram::Bot::Types::CallbackQuery", :data=>"save_current_order", :text=>nil, :contact=>nil}}
I, [2018-02-03T22:48:58.528893 #5522]  INFO -- : [ActiveJob] Enqueued ProcessMessageJob (Job ID: d0e7b3a0-d342-4ad2-b432-a87e8944696f) to Sidekiq(default) with arguments: {:message=>{:user_id=>62787119, :type=>"Telegram::Bot::Types::CallbackQuery", :data=>"save_current_order", :text=>nil, :contact=>nil}}
I, [2018-02-03T22:49:39.973319 #5522]  INFO -- : [ActiveJob] Enqueued ProcessMessageJob (Job ID: b7ebd8b2-c5f0-4489-9bdf-766ced3812c8) to Sidekiq(default) with arguments: {:message=>{:user_id=>62787119, :type=>"Telegram::Bot::Types::CallbackQuery", :data=>"save_current_order", :text=>nil, :contact=>nil}}
I, [2018-02-03T22:50:09.838800 #5522]  INFO -- : [ActiveJob] Enqueued ProcessMessageJob (Job ID: 1cd143c0-f16d-4de2-8ee3-4cbaf0501db0) to Sidekiq(default) with arguments: {:message=>{:user_id=>62787119, :type=>"Telegram::Bot::Types::CallbackQuery", :data=>"orders", :text=>nil, :contact=>nil}}
I, [2018-02-03T22:50:44.135379 #5522]  INFO -- : [ActiveJob] Enqueued ProcessMessageJob (Job ID: 12a95d8c-67f4-44aa-b9ab-6713ee3a08b4) to Sidekiq(default) with arguments: {:message=>{:user_id=>62787119, :type=>"Telegram::Bot::Types::CallbackQuery", :data=>"orders", :text=>nil, :contact=>nil}}
I, [2018-02-03T22:50:52.269094 #5522]  INFO -- : [ActiveJob] Enqueued ProcessMessageJob (Job ID: 46854c82-dcde-4415-a557-b28d217e80dd) to Sidekiq(default) with arguments: {:message=>{:user_id=>62787119, :type=>"Telegram::Bot::Types::CallbackQuery", :data=>"orders", :text=>nil, :contact=>nil}}
I, [2018-02-03T22:53:24.866733 #5522]  INFO -- : [ActiveJob] Enqueued ProcessMessageJob (Job ID: bafb0228-7194-4033-85c2-5ab315381841) to Sidekiq(default) with arguments: {:message=>{:user_id=>62787119, :type=>"Telegram::Bot::Types::CallbackQuery", :data=>"orders", :text=>nil, :contact=>nil}}
I, [2018-02-03T22:53:55.391758 #5522]  INFO -- : [ActiveJob] Enqueued ProcessMessageJob (Job ID: 3d944cff-8be6-476c-a3a7-e3f3d16bf5d9) to Sidekiq(default) with arguments: {:message=>{:user_id=>62787119, :type=>"Telegram::Bot::Types::CallbackQuery", :data=>"orders", :text=>nil, :contact=>nil}}
I, [2018-02-03T23:17:03.506135 #5522]  INFO -- : [ActiveJob] Enqueued ProcessMessageJob (Job ID: 4a97d61c-b264-4fa7-9cc6-725bc7fd8891) to Sidekiq(default) with arguments: {:message=>{:user_id=>62787119, :type=>"Telegram::Bot::Types::Message", :data=>nil, :text=>"/main", :contact=>{}}}
I, [2018-02-03T23:17:07.595604 #5522]  INFO -- : [ActiveJob] Enqueued ProcessMessageJob (Job ID: eee917fc-d433-4d5e-8e8e-042188f8ed2d) to Sidekiq(default) with arguments: {:message=>{:user_id=>62787119, :type=>"Telegram::Bot::Types::CallbackQuery", :data=>"current_order", :text=>nil, :contact=>nil}}
I, [2018-02-03T23:17:27.635811 #5522]  INFO -- : [ActiveJob] Enqueued ProcessMessageJob (Job ID: 216b3dd8-b7eb-4f9d-ad64-3f32ba08a32b) to Sidekiq(default) with arguments: {:message=>{:user_id=>62787119, :type=>"Telegram::Bot::Types::CallbackQuery", :data=>"current_order", :text=>nil, :contact=>nil}}
I, [2018-02-04T09:29:09.085561 #1624]  INFO -- : [ActiveJob] Enqueued ProcessMessageJob (Job ID: 0387cf4e-c992-4c34-9523-59fe4d66158b) to Sidekiq(default) with arguments: {:message=>{:user_id=>62787119, :type=>"Telegram::Bot::Types::Message", :data=>nil, :text=>"/main", :contact=>{}}}
I, [2018-02-04T09:29:15.935915 #1624]  INFO -- : [ActiveJob] Enqueued ProcessMessageJob (Job ID: 012d73e5-8708-4cb8-907a-be6947fdd17b) to Sidekiq(default) with arguments: {:message=>{:user_id=>62787119, :type=>"Telegram::Bot::Types::CallbackQuery", :data=>"current_order", :text=>nil, :contact=>nil}}
I, [2018-02-04T09:29:21.140296 #1624]  INFO -- : [ActiveJob] Enqueued ProcessMessageJob (Job ID: 01f91839-61b9-4f7e-a426-34ed6e06c5fe) to Sidekiq(default) with arguments: {:message=>{:user_id=>62787119, :type=>"Telegram::Bot::Types::Message", :data=>nil, :text=>"ноутбук", :contact=>{}}}
I, [2018-02-04T09:29:25.780459 #1624]  INFO -- : [ActiveJob] Enqueued ProcessMessageJob (Job ID: 4b73b1fc-ca71-4cbc-af0b-ee2b91a7acf2) to Sidekiq(default) with arguments: {:message=>{:user_id=>62787119, :type=>"Telegram::Bot::Types::CallbackQuery", :data=>"search", :text=>nil, :contact=>nil}}
I, [2018-02-04T09:29:28.672192 #1624]  INFO -- : [ActiveJob] Enqueued ProcessMessageJob (Job ID: 1e23079e-1641-49f1-bb17-8d743c89e5cd) to Sidekiq(default) with arguments: {:message=>{:user_id=>62787119, :type=>"Telegram::Bot::Types::Message", :data=>nil, :text=>"ноутбук", :contact=>{}}}
I, [2018-02-04T09:29:39.002924 #1624]  INFO -- : [ActiveJob] Enqueued ProcessMessageJob (Job ID: 24a0ab19-6d58-4369-beb0-bcc5823b03d1) to Sidekiq(default) with arguments: {:message=>{:user_id=>62787119, :type=>"Telegram::Bot::Types::CallbackQuery", :data=>"products/3/add_to_order", :text=>nil, :contact=>nil}}
I, [2018-02-04T09:29:42.577971 #1624]  INFO -- : [ActiveJob] Enqueued ProcessMessageJob (Job ID: 7ff05fd7-d2e1-4c1a-8c24-3a006b098b72) to Sidekiq(default) with arguments: {:message=>{:user_id=>62787119, :type=>"Telegram::Bot::Types::Message", :data=>nil, :text=>"1", :contact=>{}}}
I, [2018-02-04T09:29:45.848414 #1624]  INFO -- : [ActiveJob] Enqueued ProcessMessageJob (Job ID: ad6f54cf-6fb2-4d76-b4ee-a6c637479d98) to Sidekiq(default) with arguments: {:message=>{:user_id=>62787119, :type=>"Telegram::Bot::Types::CallbackQuery", :data=>"current_order", :text=>nil, :contact=>nil}}
I, [2018-02-04T09:29:50.775673 #1624]  INFO -- : [ActiveJob] Enqueued ProcessMessageJob (Job ID: aafb8681-7af4-4d4a-bc0b-1e19fbf7b1b2) to Sidekiq(default) with arguments: {:message=>{:user_id=>62787119, :type=>"Telegram::Bot::Types::CallbackQuery", :data=>"save_current_order", :text=>nil, :contact=>nil}}
I, [2018-02-04T09:29:57.415659 #1624]  INFO -- : [ActiveJob] Enqueued ProcessMessageJob (Job ID: 0f62de3f-1ff2-4162-9c66-a59878103ac3) to Sidekiq(default) with arguments: {:message=>{:user_id=>62787119, :type=>"Telegram::Bot::Types::CallbackQuery", :data=>"current_order", :text=>nil, :contact=>nil}}
I, [2018-02-04T09:29:59.361062 #1624]  INFO -- : [ActiveJob] Enqueued ProcessMessageJob (Job ID: 73bfe055-15fd-47f7-a005-6993d7c56ac4) to Sidekiq(default) with arguments: {:message=>{:user_id=>62787119, :type=>"Telegram::Bot::Types::CallbackQuery", :data=>"orders", :text=>nil, :contact=>nil}}
I, [2018-03-30T21:43:39.730905 #52602]  INFO -- : [ActiveJob] Enqueued ProcessMessageJob (Job ID: 891e35c4-2958-4f6e-9fd7-3d5b21306a76) to Sidekiq(default) with arguments: {:message=>{:user_id=>62787119, :type=>"Telegram::Bot::Types::Message", :data=>nil, :text=>"/start", :contact=>{}}}
I, [2018-03-30T21:45:07.179524 #52829]  INFO -- : [ActiveJob] Enqueued ProcessMessageJob (Job ID: 052d2819-54fe-408f-8509-b62666d5dc38) to Sidekiq(default) with arguments: {:message=>{:user_id=>62787119, :type=>"Telegram::Bot::Types::Message", :data=>nil, :text=>"/start", :contact=>{}}}
I, [2018-03-30T21:46:03.086648 #52829]  INFO -- : [ActiveJob] Enqueued ProcessMessageJob (Job ID: 002152a8-3799-449d-94ca-bbc92aec94a5) to Sidekiq(default) with arguments: {:message=>{:user_id=>62787119, :type=>"Telegram::Bot::Types::Message", :data=>nil, :text=>"/start", :contact=>{}}}
I, [2018-03-30T21:46:09.132716 #52829]  INFO -- : [ActiveJob] Enqueued ProcessMessageJob (Job ID: f70ebfb1-1c52-4d63-8f4f-12b34958a1b5) to Sidekiq(default) with arguments: {:message=>{:user_id=>62787119, :type=>"Telegram::Bot::Types::Message", :data=>nil, :text=>"/start", :contact=>{}}}
I, [2018-03-30T21:46:15.406207 #52829]  INFO -- : [ActiveJob] Enqueued ProcessMessageJob (Job ID: 1f4730bd-7abe-4f43-b4e8-cbfa707b08ee) to Sidekiq(default) with arguments: {:message=>{:user_id=>62787119, :type=>"Telegram::Bot::Types::Message", :data=>nil, :text=>"/start", :contact=>{}}}
I, [2018-03-30T21:51:46.249847 #52829]  INFO -- : [ActiveJob] Enqueued ProcessMessageJob (Job ID: 33a0908b-3849-4103-8b9c-8af75da59300) to Sidekiq(default) with arguments: {:message=>{:user_id=>62787119, :type=>"Telegram::Bot::Types::Message", :data=>nil, :text=>"/start", :contact=>{}}}
I, [2018-03-30T21:53:16.969912 #52829]  INFO -- : [ActiveJob] Enqueued ProcessMessageJob (Job ID: a47eb9ae-9469-4109-ac46-0300e8c88394) to Sidekiq(default) with arguments: {:message=>{:user_id=>62787119, :type=>"Telegram::Bot::Types::Message", :data=>nil, :text=>"/main", :contact=>{}}}
I, [2018-03-30T21:55:56.614238 #52829]  INFO -- : [ActiveJob] Enqueued ProcessMessageJob (Job ID: 160b773c-cd3b-4af9-be76-175900138d67) to Sidekiq(default) with arguments: {:message=>{:user_id=>62787119, :type=>"Telegram::Bot::Types::CallbackQuery", :data=>"search", :text=>nil, :contact=>nil}}
